app/build/intermediates/manifest_merge_blame_file/debug/manifest-merger-blame-debug-report.txt
1<?xml version="1.0" encoding="utf-8"?>
2<manifest xmlns:android="http://schemas.android.com/apk/res/android"
3    package="com.geeksville.mesh"
4    android:versionCode="20245"
5    android:versionName="1.2.45" > <!-- per https://github.com/journeyapps/zxing-android-embedded to force support for build 22 -->
6    <uses-sdk
6-->src/main/AndroidManifest.xml:16:5-73
7        android:minSdkVersion="21"
7-->src/main/AndroidManifest.xml:16:5-73
8        android:targetSdkVersion="31" />
8-->src/main/AndroidManifest.xml:16:5-73
9
10    <!-- If a device is missing a GPS - we will still be able to work though , must be before uses-permission -->
11    <uses-feature
11-->src/main/AndroidManifest.xml:8:5-10:36
12        android:name="android.hardware.location"
12-->src/main/AndroidManifest.xml:9:9-49
13        android:required="false" />
13-->src/main/AndroidManifest.xml:10:9-33
14    <uses-feature
14-->src/main/AndroidManifest.xml:11:5-13:36
15        android:name="android.hardware.location.gps"
15-->src/main/AndroidManifest.xml:12:9-53
16        android:required="false" />
16-->src/main/AndroidManifest.xml:13:9-33
17
18    <uses-permission android:name="android.permission.BLUETOOTH" />
18-->src/main/AndroidManifest.xml:18:5-68
18-->src/main/AndroidManifest.xml:18:22-65
19    <uses-permission android:name="android.permission.BLUETOOTH_ADMIN" />
19-->src/main/AndroidManifest.xml:19:5-74
19-->src/main/AndroidManifest.xml:19:22-71
20    <uses-permission android:name="android.permission.ACCESS_FINE_LOCATION" /> <!-- only useful if this phone can do BTLE -->
20-->src/main/AndroidManifest.xml:21:5-79
20-->src/main/AndroidManifest.xml:21:22-76
21    <uses-permission android:name="android.permission.ACCESS_BACKGROUND_LOCATION" /> <!-- needed to access bluetooth when app is background -->
21-->src/main/AndroidManifest.xml:22:5-85
21-->src/main/AndroidManifest.xml:22:22-82
22
23    <uses-permission android:name="android.permission.WAKE_LOCK" /> <!-- for job intent service -->
23-->src/main/AndroidManifest.xml:24:5-68
23-->src/main/AndroidManifest.xml:24:22-65
24
25
26<!--     This permission is required for analytics - and soon the MQTT gateway -->
27    <uses-permission android:name="android.permission.INTERNET" />
27-->src/main/AndroidManifest.xml:29:5-67
27-->src/main/AndroidManifest.xml:29:22-64
28    <uses-permission android:name="android.permission.WAKE_LOCK" />
28-->src/main/AndroidManifest.xml:24:5-68
28-->src/main/AndroidManifest.xml:24:22-65
29
30    <!--
31      This permission is optional but recommended so we can be smart
32      about when to send data.
33    -->
34    <uses-permission android:name="android.permission.ACCESS_NETWORK_STATE" />
34-->src/main/AndroidManifest.xml:36:5-79
34-->src/main/AndroidManifest.xml:36:22-76
35
36    <!-- Only for debug log writing, disable for production -->
37    <uses-permission android:name="android.permission.WRITE_EXTERNAL_STORAGE" />
37-->src/main/AndroidManifest.xml:39:5-81
37-->src/main/AndroidManifest.xml:39:22-78
38
39    <!-- We run our mesh code as a foreground service - FIXME, find a way to stop doing this -->
40    <uses-permission android:name="android.permission.FOREGROUND_SERVICE" />
40-->src/main/AndroidManifest.xml:42:5-77
40-->src/main/AndroidManifest.xml:42:22-74
41
42    <!-- Needed to open our bluetooth connection to our paired device (after reboot) -->
43    <uses-permission android:name="android.permission.RECEIVE_BOOT_COMPLETED" />
43-->src/main/AndroidManifest.xml:45:5-81
43-->src/main/AndroidManifest.xml:45:22-78
44
45    <!-- For android >=26 we can use the new BLE scanning API, which allows auto launching our service when our device is seen -->
46    <uses-permission android:name="android.permission.REQUEST_COMPANION_RUN_IN_BACKGROUND" />
46-->src/main/AndroidManifest.xml:48:5-94
46-->src/main/AndroidManifest.xml:48:22-91
47    <uses-permission android:name="android.permission.REQUEST_COMPANION_USE_DATA_IN_BACKGROUND" />
47-->src/main/AndroidManifest.xml:49:5-99
47-->src/main/AndroidManifest.xml:49:22-96
48
49    <uses-feature
49-->src/main/AndroidManifest.xml:59:5-61:36
50        android:name="android.hardware.bluetooth_le"
50-->src/main/AndroidManifest.xml:60:9-53
51        android:required="false" />
51-->src/main/AndroidManifest.xml:61:9-33
52
53    <!-- For the modern BLE scanning API -->
54    <uses-feature
54-->src/main/AndroidManifest.xml:64:5-66:36
55        android:name="android.software.companion_device_setup"
55-->src/main/AndroidManifest.xml:65:9-63
56        android:required="false" />
56-->src/main/AndroidManifest.xml:66:9-33
57
58    <!-- for USB serial access -->
59    <uses-feature
59-->src/main/AndroidManifest.xml:69:5-71:36
60        android:name="android.hardware.usb.host"
60-->src/main/AndroidManifest.xml:70:9-49
61        android:required="false" />
61-->src/main/AndroidManifest.xml:71:9-33
62    <uses-feature
62-->[com.mapbox.mapboxsdk:mapbox-android-sdk:9.6.0] AndroidManifest.xml:9:5-11:35
63        android:glEsVersion="0x00020000"
63-->[com.mapbox.mapboxsdk:mapbox-android-sdk:9.6.0] AndroidManifest.xml:10:9-41
64        android:required="true" />
64-->[com.mapbox.mapboxsdk:mapbox-android-sdk:9.6.0] AndroidManifest.xml:11:9-32
65    <uses-feature
65-->[com.mapbox.mapboxsdk:mapbox-android-sdk:9.6.0] AndroidManifest.xml:12:5-14:36
66        android:name="android.hardware.wifi"
66-->[com.mapbox.mapboxsdk:mapbox-android-sdk:9.6.0] AndroidManifest.xml:13:9-45
67        android:required="false" />
67-->[com.mapbox.mapboxsdk:mapbox-android-sdk:9.6.0] AndroidManifest.xml:14:9-33
68
69    <uses-permission android:name="android.permission.ACCESS_WIFI_STATE" />
69-->[com.mapbox.mapboxsdk:mapbox-android-sdk:9.6.0] AndroidManifest.xml:18:5-76
69-->[com.mapbox.mapboxsdk:mapbox-android-sdk:9.6.0] AndroidManifest.xml:18:22-73
70    <uses-permission android:name="com.google.android.finsky.permission.BIND_GET_INSTALL_REFERRER_SERVICE" /> <!-- Don't require camera, as this requires a rear camera. This allows it to work on the Nexus 7 -->
70-->[com.google.android.gms:play-services-measurement:20.0.0] AndroidManifest.xml:26:5-110
70-->[com.google.android.gms:play-services-measurement:20.0.0] AndroidManifest.xml:26:22-107
71    <uses-feature
71-->[com.journeyapps:zxing-android-embedded:4.3.0] AndroidManifest.xml:25:5-27:36
72        android:name="android.hardware.camera"
72-->[com.journeyapps:zxing-android-embedded:4.3.0] AndroidManifest.xml:26:9-47
73        android:required="false" />
73-->[com.journeyapps:zxing-android-embedded:4.3.0] AndroidManifest.xml:27:9-33
74    <uses-feature
74-->[com.journeyapps:zxing-android-embedded:4.3.0] AndroidManifest.xml:28:5-30:36
75        android:name="android.hardware.camera.front"
75-->[com.journeyapps:zxing-android-embedded:4.3.0] AndroidManifest.xml:29:9-53
76        android:required="false" /> <!-- TODO replace above two with next line after Android 4.2 -->
76-->[com.journeyapps:zxing-android-embedded:4.3.0] AndroidManifest.xml:30:9-33
77    <!-- <uses-feature android:name="android.hardware.camera.any"/> -->
78    <uses-feature
78-->[com.journeyapps:zxing-android-embedded:4.3.0] AndroidManifest.xml:33:5-35:36
79        android:name="android.hardware.camera.autofocus"
79-->[com.journeyapps:zxing-android-embedded:4.3.0] AndroidManifest.xml:34:9-57
80        android:required="false" />
80-->[com.journeyapps:zxing-android-embedded:4.3.0] AndroidManifest.xml:35:9-33
81    <uses-feature
81-->[com.journeyapps:zxing-android-embedded:4.3.0] AndroidManifest.xml:36:5-38:36
82        android:name="android.hardware.camera.flash"
82-->[com.journeyapps:zxing-android-embedded:4.3.0] AndroidManifest.xml:37:9-53
83        android:required="false" />
83-->[com.journeyapps:zxing-android-embedded:4.3.0] AndroidManifest.xml:38:9-33
84    <uses-feature
84-->[com.journeyapps:zxing-android-embedded:4.3.0] AndroidManifest.xml:39:5-41:36
85        android:name="android.hardware.screen.landscape"
85-->[com.journeyapps:zxing-android-embedded:4.3.0] AndroidManifest.xml:40:9-57
86        android:required="false" /> <!-- hardware acceleration is required for zxing barcode lib -->
86-->[com.journeyapps:zxing-android-embedded:4.3.0] AndroidManifest.xml:41:9-33
87    <application
87-->src/main/AndroidManifest.xml:74:5-186:19
88        android:name="com.geeksville.mesh.MeshUtilApplication"
88-->src/main/AndroidManifest.xml:76:9-63
89        android:allowBackup="true"
89-->src/main/AndroidManifest.xml:77:9-35
90        android:appComponentFactory="androidx.core.app.CoreComponentFactory"
90-->[androidx.core:core:1.7.0] AndroidManifest.xml:24:18-86
91        android:debuggable="true"
92        android:hardwareAccelerated="true"
92-->src/main/AndroidManifest.xml:82:9-43
93        android:icon="@mipmap/ic_launcher_nc2plus"
93-->src/main/AndroidManifest.xml:78:9-51
94        android:label="@string/app_name"
94-->src/main/AndroidManifest.xml:79:9-41
95        android:roundIcon="@mipmap/ic_launcher_nc2plus_round"
95-->src/main/AndroidManifest.xml:80:9-62
96        android:supportsRtl="true"
96-->src/main/AndroidManifest.xml:81:9-35
97        android:theme="@style/AppTheme" >
97-->src/main/AndroidManifest.xml:83:9-40
98        <meta-data
98-->src/main/AndroidManifest.xml:85:9-87:36
99            android:name="com.mixpanel.android.MPConfig.DisableViewCrawler"
99-->src/main/AndroidManifest.xml:86:13-76
100            android:value="true" />
100-->src/main/AndroidManifest.xml:87:13-33
101
102        <!-- Default crash collection and analytics off until we (possibly) turn it on in application.onCreate -->
103        <meta-data
103-->src/main/AndroidManifest.xml:90:9-92:37
104            android:name="firebase_crashlytics_collection_enabled"
104-->src/main/AndroidManifest.xml:91:13-67
105            android:value="false" />
105-->src/main/AndroidManifest.xml:92:13-34
106        <meta-data
106-->src/main/AndroidManifest.xml:93:9-95:37
107            android:name="firebase_analytics_collection_enabled"
107-->src/main/AndroidManifest.xml:94:13-65
108            android:value="false" />
108-->src/main/AndroidManifest.xml:95:13-34
109
110        <!-- we need bind job service for oreo -->
111        <service
111-->src/main/AndroidManifest.xml:98:9-102:72
112            android:name="com.geeksville.mesh.service.SoftwareUpdateService"
112-->src/main/AndroidManifest.xml:99:13-77
113            android:enabled="true"
113-->src/main/AndroidManifest.xml:100:13-35
114            android:exported="false"
114-->src/main/AndroidManifest.xml:101:13-37
115            android:permission="android.permission.BIND_JOB_SERVICE" />
115-->src/main/AndroidManifest.xml:102:13-69
116
117        <!-- This is the public API for doing mesh radio operations from android apps -->
118        <service
118-->src/main/AndroidManifest.xml:105:9-112:19
119            android:name="com.geeksville.mesh.service.MeshService"
119-->src/main/AndroidManifest.xml:106:13-67
120            android:enabled="true"
120-->src/main/AndroidManifest.xml:107:13-35
121            android:exported="true" >
121-->src/main/AndroidManifest.xml:108:13-36
122            <intent-filter>
122-->src/main/AndroidManifest.xml:109:13-111:29
123                <action android:name="com.geeksville.mesh.Service" />
123-->src/main/AndroidManifest.xml:110:17-70
123-->src/main/AndroidManifest.xml:110:25-67
124            </intent-filter>
125        </service>
126
127        <!-- This is a private service which just does direct communication to the radio -->
128        <service
128-->src/main/AndroidManifest.xml:115:9-118:40
129            android:name="com.geeksville.mesh.service.RadioInterfaceService"
129-->src/main/AndroidManifest.xml:116:13-77
130            android:enabled="true"
130-->src/main/AndroidManifest.xml:117:13-35
131            android:exported="false" />
131-->src/main/AndroidManifest.xml:118:13-37
132
133        <activity
133-->src/main/AndroidManifest.xml:120:9-161:20
134            android:name="com.geeksville.mesh.MainActivity"
134-->src/main/AndroidManifest.xml:121:13-60
135            android:label="@string/app_name"
135-->src/main/AndroidManifest.xml:122:13-45
136            android:screenOrientation="portrait"
136-->src/main/AndroidManifest.xml:123:13-49
137            android:theme="@style/AppTheme"
137-->src/main/AndroidManifest.xml:125:13-44
138            android:windowSoftInputMode="stateAlwaysHidden" >
138-->src/main/AndroidManifest.xml:124:13-60
139            <intent-filter>
139-->src/main/AndroidManifest.xml:126:13-130:29
140                <action android:name="android.intent.action.MAIN" />
140-->src/main/AndroidManifest.xml:127:17-69
140-->src/main/AndroidManifest.xml:127:25-66
141
142                <category android:name="android.intent.category.LAUNCHER" />
142-->src/main/AndroidManifest.xml:129:17-77
142-->src/main/AndroidManifest.xml:129:27-74
143            </intent-filter>
144            <intent-filter android:autoVerify="true" >
144-->src/main/AndroidManifest.xml:132:13-151:29
144-->src/main/AndroidManifest.xml:132:28-53
145
146                <!--
147                The QR codes to share channel settings are shared as meshtastic URLS
148
149                an approximate example:
150                http://www.meshtastic.org/d/YXNkZnF3ZXJhc2RmcXdlcmFzZGZxd2Vy
151                -->
152                <action android:name="android.intent.action.VIEW" />
152-->src/main/AndroidManifest.xml:138:17-69
152-->src/main/AndroidManifest.xml:138:25-66
153
154                <category android:name="android.intent.category.DEFAULT" />
154-->src/main/AndroidManifest.xml:140:17-76
154-->src/main/AndroidManifest.xml:140:27-73
155                <category android:name="android.intent.category.BROWSABLE" />
155-->src/main/AndroidManifest.xml:141:17-78
155-->src/main/AndroidManifest.xml:141:27-75
156
157                <data
157-->src/main/AndroidManifest.xml:143:17-146:48
158                    android:host="www.meshtastic.org"
158-->src/main/AndroidManifest.xml:145:21-54
159                    android:pathPrefix="/d/"
159-->src/main/AndroidManifest.xml:146:21-45
160                    android:scheme="https" />
160-->src/main/AndroidManifest.xml:144:21-43
161                <data
161-->src/main/AndroidManifest.xml:143:17-146:48
162                    android:host="www.meshtastic.org"
162-->src/main/AndroidManifest.xml:145:21-54
163                    android:pathPrefix="/D/"
163-->src/main/AndroidManifest.xml:146:21-45
164                    android:scheme="https" />
164-->src/main/AndroidManifest.xml:144:21-43
165            </intent-filter>
166            <intent-filter>
166-->src/main/AndroidManifest.xml:153:13-155:29
167                <action android:name="android.hardware.usb.action.USB_DEVICE_ATTACHED" />
167-->src/main/AndroidManifest.xml:154:17-90
167-->src/main/AndroidManifest.xml:154:25-87
168            </intent-filter>
169
170            <!-- The USB devices we want to be informed about -->
171            <meta-data
171-->src/main/AndroidManifest.xml:158:13-160:57
172                android:name="android.hardware.usb.action.USB_DEVICE_ATTACHED"
172-->src/main/AndroidManifest.xml:159:17-79
173                android:resource="@xml/device_filter" />
173-->src/main/AndroidManifest.xml:160:17-54
174        </activity>
175
176        <receiver android:name="com.geeksville.mesh.service.BootCompleteReceiver" >
176-->src/main/AndroidManifest.xml:163:9-185:20
176-->src/main/AndroidManifest.xml:163:19-82
177
178            <!-- handle boot events -->
179            <intent-filter>
179-->src/main/AndroidManifest.xml:165:13-175:29
180                <category android:name="android.intent.category.DEFAULT" />
180-->src/main/AndroidManifest.xml:140:17-76
180-->src/main/AndroidManifest.xml:140:27-73
181
182                <action android:name="android.intent.action.BOOT_COMPLETED" />
182-->src/main/AndroidManifest.xml:168:17-79
182-->src/main/AndroidManifest.xml:168:25-76
183                <action android:name="android.intent.action.QUICKBOOT_POWERON" />
183-->src/main/AndroidManifest.xml:169:17-82
183-->src/main/AndroidManifest.xml:169:25-79
184                <!-- For HTC devices per https://stackoverflow.com/questions/20441308/boot-completed-not-working-android/46294732#46294732 -->
185                <action android:name="com.htc.intent.action.QUICKBOOT_POWERON" />
185-->src/main/AndroidManifest.xml:171:17-82
185-->src/main/AndroidManifest.xml:171:25-79
186
187                <!-- for testing -->
188                <action android:name="com.geeksville.mesh.SIM_BOOT" />
188-->src/main/AndroidManifest.xml:174:17-71
188-->src/main/AndroidManifest.xml:174:25-68
189            </intent-filter>
190
191            <!-- Also restart our service if the app gets upgraded -->
192            <intent-filter>
192-->src/main/AndroidManifest.xml:178:13-184:29
193                <action android:name="android.intent.action.MY_PACKAGE_REPLACED" />
193-->src/main/AndroidManifest.xml:179:17-84
193-->src/main/AndroidManifest.xml:179:25-81
194                <!--
195                I was using PACKAGE_REPLACED, but MY_PACKAGE_REPLACED is newer and seems cleaner
196                <data
197                    android:scheme="package"
198                    android:path="com.geeksville.mesh" />
199                -->
200            </intent-filter>
201        </receiver>
202
203        <activity
203-->[com.google.android.gms:play-services-auth:19.2.0] AndroidManifest.xml:23:9-27:75
204            android:name="com.google.android.gms.auth.api.signin.internal.SignInHubActivity"
204-->[com.google.android.gms:play-services-auth:19.2.0] AndroidManifest.xml:24:13-93
205            android:excludeFromRecents="true"
205-->[com.google.android.gms:play-services-auth:19.2.0] AndroidManifest.xml:25:13-46
206            android:exported="false"
206-->[com.google.android.gms:play-services-auth:19.2.0] AndroidManifest.xml:26:13-37
207            android:theme="@android:style/Theme.Translucent.NoTitleBar" />
207-->[com.google.android.gms:play-services-auth:19.2.0] AndroidManifest.xml:27:13-72
208        <!--
209            Service handling Google Sign-In user revocation. For apps that do not integrate with
210            Google Sign-In, this service will never be started.
211        -->
212        <service
212-->[com.google.android.gms:play-services-auth:19.2.0] AndroidManifest.xml:33:9-37:51
213            android:name="com.google.android.gms.auth.api.signin.RevocationBoundService"
213-->[com.google.android.gms:play-services-auth:19.2.0] AndroidManifest.xml:34:13-89
214            android:exported="true"
214-->[com.google.android.gms:play-services-auth:19.2.0] AndroidManifest.xml:35:13-36
215            android:permission="com.google.android.gms.auth.api.signin.permission.REVOCATION_NOTIFICATION"
215-->[com.google.android.gms:play-services-auth:19.2.0] AndroidManifest.xml:36:13-107
216            android:visibleToInstantApps="true" />
216-->[com.google.android.gms:play-services-auth:19.2.0] AndroidManifest.xml:37:13-48
217
218        <activity
218-->[com.google.android.gms:play-services-base:17.5.0] AndroidManifest.xml:23:9-26:75
219            android:name="com.google.android.gms.common.api.GoogleApiActivity"
219-->[com.google.android.gms:play-services-base:17.5.0] AndroidManifest.xml:24:13-79
220            android:exported="false"
220-->[com.google.android.gms:play-services-base:17.5.0] AndroidManifest.xml:25:13-37
221            android:theme="@android:style/Theme.Translucent.NoTitleBar" />
221-->[com.google.android.gms:play-services-base:17.5.0] AndroidManifest.xml:26:13-72
222
223        <service
223-->[com.google.firebase:firebase-crashlytics:18.2.4] AndroidManifest.xml:15:9-21:19
224            android:name="com.google.firebase.components.ComponentDiscoveryService"
224-->[com.google.firebase:firebase-crashlytics:18.2.4] AndroidManifest.xml:16:13-84
225            android:directBootAware="true"
225-->[com.google.firebase:firebase-common:20.0.0] AndroidManifest.xml:35:13-43
226            android:exported="false" >
226-->[com.google.firebase:firebase-crashlytics:18.2.4] AndroidManifest.xml:17:13-37
227            <meta-data
227-->[com.google.firebase:firebase-crashlytics:18.2.4] AndroidManifest.xml:18:13-20:85
228                android:name="com.google.firebase.components:com.google.firebase.crashlytics.CrashlyticsRegistrar"
228-->[com.google.firebase:firebase-crashlytics:18.2.4] AndroidManifest.xml:19:17-115
229                android:value="com.google.firebase.components.ComponentRegistrar" />
229-->[com.google.firebase:firebase-crashlytics:18.2.4] AndroidManifest.xml:20:17-82
230            <meta-data
230-->[com.google.android.gms:play-services-measurement-api:20.0.0] AndroidManifest.xml:30:13-32:85
231                android:name="com.google.firebase.components:com.google.firebase.analytics.connector.internal.AnalyticsConnectorRegistrar"
231-->[com.google.android.gms:play-services-measurement-api:20.0.0] AndroidManifest.xml:31:17-139
232                android:value="com.google.firebase.components.ComponentRegistrar" />
232-->[com.google.android.gms:play-services-measurement-api:20.0.0] AndroidManifest.xml:32:17-82
233            <meta-data
233-->[com.google.firebase:firebase-installations:17.0.0] AndroidManifest.xml:18:13-20:85
234                android:name="com.google.firebase.components:com.google.firebase.installations.FirebaseInstallationsRegistrar"
234-->[com.google.firebase:firebase-installations:17.0.0] AndroidManifest.xml:19:17-127
235                android:value="com.google.firebase.components.ComponentRegistrar" />
235-->[com.google.firebase:firebase-installations:17.0.0] AndroidManifest.xml:20:17-82
236        </service>
237
238        <provider
238-->[com.google.firebase:firebase-common:20.0.0] AndroidManifest.xml:26:9-31:39
239            android:name="com.google.firebase.provider.FirebaseInitProvider"
239-->[com.google.firebase:firebase-common:20.0.0] AndroidManifest.xml:27:13-77
240            android:authorities="com.geeksville.mesh.firebaseinitprovider"
240-->[com.google.firebase:firebase-common:20.0.0] AndroidManifest.xml:28:13-72
241            android:directBootAware="true"
241-->[com.google.firebase:firebase-common:20.0.0] AndroidManifest.xml:29:13-43
242            android:exported="false"
242-->[com.google.firebase:firebase-common:20.0.0] AndroidManifest.xml:30:13-37
243            android:initOrder="100" />
243-->[com.google.firebase:firebase-common:20.0.0] AndroidManifest.xml:31:13-36
244
245        <receiver
245-->[com.google.android.gms:play-services-measurement:20.0.0] AndroidManifest.xml:29:9-33:20
246            android:name="com.google.android.gms.measurement.AppMeasurementReceiver"
246-->[com.google.android.gms:play-services-measurement:20.0.0] AndroidManifest.xml:30:13-85
247            android:enabled="true"
247-->[com.google.android.gms:play-services-measurement:20.0.0] AndroidManifest.xml:31:13-35
248            android:exported="false" >
248-->[com.google.android.gms:play-services-measurement:20.0.0] AndroidManifest.xml:32:13-37
249        </receiver>
250
251        <service
251-->[com.google.android.gms:play-services-measurement:20.0.0] AndroidManifest.xml:35:9-38:40
252            android:name="com.google.android.gms.measurement.AppMeasurementService"
252-->[com.google.android.gms:play-services-measurement:20.0.0] AndroidManifest.xml:36:13-84
253            android:enabled="true"
253-->[com.google.android.gms:play-services-measurement:20.0.0] AndroidManifest.xml:37:13-35
254            android:exported="false" />
254-->[com.google.android.gms:play-services-measurement:20.0.0] AndroidManifest.xml:38:13-37
255        <service
255-->[com.google.android.gms:play-services-measurement:20.0.0] AndroidManifest.xml:39:9-43:72
256            android:name="com.google.android.gms.measurement.AppMeasurementJobService"
256-->[com.google.android.gms:play-services-measurement:20.0.0] AndroidManifest.xml:40:13-87
257            android:enabled="true"
257-->[com.google.android.gms:play-services-measurement:20.0.0] AndroidManifest.xml:41:13-35
258            android:exported="false"
258-->[com.google.android.gms:play-services-measurement:20.0.0] AndroidManifest.xml:42:13-37
259            android:permission="android.permission.BIND_JOB_SERVICE" />
259-->[com.google.android.gms:play-services-measurement:20.0.0] AndroidManifest.xml:43:13-69
260
261        <meta-data
261-->[com.google.android.gms:play-services-basement:17.5.0] AndroidManifest.xml:23:9-25:69
262            android:name="com.google.android.gms.version"
262-->[com.google.android.gms:play-services-basement:17.5.0] AndroidManifest.xml:24:13-58
263            android:value="@integer/google_play_services_version" />
263-->[com.google.android.gms:play-services-basement:17.5.0] AndroidManifest.xml:25:13-66
264
265        <provider
265-->[androidx.work:work-runtime:2.7.1] AndroidManifest.xml:31:9-39:20
266            android:name="androidx.startup.InitializationProvider"
266-->[androidx.work:work-runtime:2.7.1] AndroidManifest.xml:32:13-67
267            android:authorities="com.geeksville.mesh.androidx-startup"
267-->[androidx.work:work-runtime:2.7.1] AndroidManifest.xml:33:13-68
268            android:exported="false" >
268-->[androidx.work:work-runtime:2.7.1] AndroidManifest.xml:34:13-37
269            <meta-data
269-->[androidx.work:work-runtime:2.7.1] AndroidManifest.xml:36:13-38:52
270                android:name="androidx.work.WorkManagerInitializer"
270-->[androidx.work:work-runtime:2.7.1] AndroidManifest.xml:37:17-68
271                android:value="androidx.startup" />
271-->[androidx.work:work-runtime:2.7.1] AndroidManifest.xml:38:17-49
272            <meta-data
272-->[androidx.emoji2:emoji2:1.0.0] AndroidManifest.xml:31:13-33:52
273                android:name="androidx.emoji2.text.EmojiCompatInitializer"
273-->[androidx.emoji2:emoji2:1.0.0] AndroidManifest.xml:32:17-75
274                android:value="androidx.startup" />
274-->[androidx.emoji2:emoji2:1.0.0] AndroidManifest.xml:33:17-49
275            <meta-data
275-->[androidx.lifecycle:lifecycle-process:2.4.0] AndroidManifest.xml:31:13-33:52
276                android:name="androidx.lifecycle.ProcessLifecycleInitializer"
276-->[androidx.lifecycle:lifecycle-process:2.4.0] AndroidManifest.xml:32:17-78
277                android:value="androidx.startup" />
277-->[androidx.lifecycle:lifecycle-process:2.4.0] AndroidManifest.xml:33:17-49
278        </provider>
279
280        <service
280-->[androidx.work:work-runtime:2.7.1] AndroidManifest.xml:41:9-46:35
281            android:name="androidx.work.impl.background.systemalarm.SystemAlarmService"
281-->[androidx.work:work-runtime:2.7.1] AndroidManifest.xml:42:13-88
282            android:directBootAware="false"
282-->[androidx.work:work-runtime:2.7.1] AndroidManifest.xml:43:13-44
283            android:enabled="@bool/enable_system_alarm_service_default"
283-->[androidx.work:work-runtime:2.7.1] AndroidManifest.xml:44:13-72
284            android:exported="false" />
284-->[androidx.work:work-runtime:2.7.1] AndroidManifest.xml:45:13-37
285        <service
285-->[androidx.work:work-runtime:2.7.1] AndroidManifest.xml:47:9-53:35
286            android:name="androidx.work.impl.background.systemjob.SystemJobService"
286-->[androidx.work:work-runtime:2.7.1] AndroidManifest.xml:48:13-84
287            android:directBootAware="false"
287-->[androidx.work:work-runtime:2.7.1] AndroidManifest.xml:49:13-44
288            android:enabled="@bool/enable_system_job_service_default"
288-->[androidx.work:work-runtime:2.7.1] AndroidManifest.xml:50:13-70
289            android:exported="true"
289-->[androidx.work:work-runtime:2.7.1] AndroidManifest.xml:51:13-36
290            android:permission="android.permission.BIND_JOB_SERVICE" />
290-->[androidx.work:work-runtime:2.7.1] AndroidManifest.xml:52:13-69
291        <service
291-->[androidx.work:work-runtime:2.7.1] AndroidManifest.xml:54:9-59:35
292            android:name="androidx.work.impl.foreground.SystemForegroundService"
292-->[androidx.work:work-runtime:2.7.1] AndroidManifest.xml:55:13-81
293            android:directBootAware="false"
293-->[androidx.work:work-runtime:2.7.1] AndroidManifest.xml:56:13-44
294            android:enabled="@bool/enable_system_foreground_service_default"
294-->[androidx.work:work-runtime:2.7.1] AndroidManifest.xml:57:13-77
295            android:exported="false" />
295-->[androidx.work:work-runtime:2.7.1] AndroidManifest.xml:58:13-37
296
297        <receiver
297-->[androidx.work:work-runtime:2.7.1] AndroidManifest.xml:61:9-66:35
298            android:name="androidx.work.impl.utils.ForceStopRunnable$BroadcastReceiver"
298-->[androidx.work:work-runtime:2.7.1] AndroidManifest.xml:62:13-88
299            android:directBootAware="false"
299-->[androidx.work:work-runtime:2.7.1] AndroidManifest.xml:63:13-44
300            android:enabled="true"
300-->[androidx.work:work-runtime:2.7.1] AndroidManifest.xml:64:13-35
301            android:exported="false" />
301-->[androidx.work:work-runtime:2.7.1] AndroidManifest.xml:65:13-37
302        <receiver
302-->[androidx.work:work-runtime:2.7.1] AndroidManifest.xml:67:9-77:20
303            android:name="androidx.work.impl.background.systemalarm.ConstraintProxy$BatteryChargingProxy"
303-->[androidx.work:work-runtime:2.7.1] AndroidManifest.xml:68:13-106
304            android:directBootAware="false"
304-->[androidx.work:work-runtime:2.7.1] AndroidManifest.xml:69:13-44
305            android:enabled="false"
305-->[androidx.work:work-runtime:2.7.1] AndroidManifest.xml:70:13-36
306            android:exported="false" >
306-->[androidx.work:work-runtime:2.7.1] AndroidManifest.xml:71:13-37
307            <intent-filter>
307-->[androidx.work:work-runtime:2.7.1] AndroidManifest.xml:73:13-76:29
308                <action android:name="android.intent.action.ACTION_POWER_CONNECTED" />
308-->[androidx.work:work-runtime:2.7.1] AndroidManifest.xml:74:17-87
308-->[androidx.work:work-runtime:2.7.1] AndroidManifest.xml:74:25-84